<?xml version="1.0" encoding="UTF-8"?>
<!-- Generated by org.testng.reporters.JUnitReportReporter -->
<testsuite hostname="DESKTOP-AOMMAF5" failures="0" tests="1" name="Campaigns.CreateCampaignsTest" time="29.110" errors="0" timestamp="2025-07-19T12:09:55 IST" skipped="0">
  <testcase classname="Campaigns.CreateCampaignsTest" name="createCampaignsTest" time="29.110"/>
</testsuite> <!-- Campaigns.CreateCampaignsTest -->
