<?xml version="1.0" encoding="UTF-8"?>
<!-- Generated by org.testng.reporters.JUnitReportReporter -->
<testsuite hostname="DESKTOP-AOMMAF5" failures="0" tests="1" name="Campaigns.CreateCampaignsTest" time="32.726" errors="0" timestamp="2025-07-19T14:07:58 IST" skipped="0">
  <testcase classname="Campaigns.CreateCampaignsTest" name="createCampaignsTest" time="32.726"/>
</testsuite> <!-- Campaigns.CreateCampaignsTest -->
