<?xml version="1.0" encoding="UTF-8"?>
<!-- Generated by org.testng.reporters.JUnitReportReporter -->
<testsuite hostname="DESKTOP-AOMMAF5" failures="0" tests="1" name="Organization.CreateOrganizationLinkTest" time="39.165" errors="0" timestamp="2025-07-19T12:13:27 IST" skipped="0">
  <testcase classname="Organization.CreateOrganizationLinkTest" name="createOrganizationLinkTest" time="39.165"/>
</testsuite> <!-- Organization.CreateOrganizationLinkTest -->
