<?xml version="1.0" encoding="UTF-8"?>
<!-- Generated by org.testng.reporters.JUnitReportReporter -->
<testsuite hostname="DESKTOP-AOMMAF5" failures="0" tests="1" name="Campaigns.CreateCapaingnsProductTest" time="56.347" errors="0" timestamp="2025-07-19T12:11:13 IST" skipped="0">
  <testcase classname="Campaigns.CreateCapaingnsProductTest" name="createCapaingnsProductTest" time="56.347"/>
</testsuite> <!-- Campaigns.CreateCapaingnsProductTest -->
